<?xml version="1.0" encoding="UTF-8"?>
<!-- Generated by org.testng.reporters.JUnitReportReporter -->
<testsuite hostname="Nazar" name="com.mainpagetest.MainPageTest" tests="1" failures="0" timestamp="14 Dec 2017 15:04:44 GMT" time="35.115" errors="0">
  <testcase name="checkIfUserRedirectedToPricingScreenFromHomeAndReturnBack" time="35.115" classname="com.mainpagetest.MainPageTest"/>
</testsuite> <!-- com.mainpagetest.MainPageTest -->
